<?xml version="1.0" encoding="UTF-8"?>
<testsuite name="Como cliente de app epayco deseo interactuar con el login" tests="1" skipped="0" failures="0" errors="0" timestamp="2023-04-13T22:06:05" hostname="JHORDANYMOSQUER" time="89.196">
  <properties/>
  <testcase name="interactuar con elementos en app epayco" classname="Como cliente de app epayco deseo interactuar con el login" time="89.196"/>
  <system-out><![CDATA[]]></system-out>
  <system-err><![CDATA[abr. 13, 2023 5:06:42 P. M. io.appium.java_client.remote.AppiumCommandExecutor$1 lambda$0
INFO: Detected dialect: OSS
[Test worker] INFO net.thucydides.core.steps.ConsoleLoggingListener - STARTING STEP Dado que "actor" quiere iniciar pruebas en epayco
[Test worker] INFO net.thucydides.core.steps.ConsoleLoggingListener - STARTING STEP Actor login
[Test worker] INFO net.thucydides.core.steps.ConsoleLoggingListener - STARTING STEP actor clicks on Boton de ingresa desde el carrusel
[Test worker] INFO net.thucydides.core.steps.ConsoleLoggingListener - FINISHING STEP
[Test worker] INFO net.thucydides.core.steps.ConsoleLoggingListener - STARTING STEP actor enters 'holamundo' into Input de correo
[Test worker] INFO net.thucydides.core.steps.ConsoleLoggingListener - FINISHING STEP
[Test worker] INFO net.thucydides.core.steps.ConsoleLoggingListener - STARTING STEP actor enters 'hola' into Input de contrasena
[Test worker] INFO net.thucydides.core.steps.ConsoleLoggingListener - FINISHING STEP
[Test worker] INFO net.thucydides.core.steps.ConsoleLoggingListener - FINISHING STEP
[Test worker] INFO net.thucydides.core.steps.ConsoleLoggingListener - FINISHING STEP
[Test worker] INFO net.thucydides.core.steps.ConsoleLoggingListener - 
        __    _____ _____ ____ _____   ____   _    ____  ____  _____ ____  
  _     \ \  |_   _| ____/ ___|_   _| |  _ \ / \  / ___|/ ___|| ____|  _ \ 
 (_)_____| |   | | |  _| \___ \ | |   | |_) / _ \ \___ \\___ \|  _| | | | |
  _|_____| |   | | | |___ ___) || |   |  __/ ___ \ ___) |___) | |___| |_| |
 (_)     | |   |_| |_____|____/ |_|   |_| /_/   \_\____/|____/|_____|____/ 
        /_/                                                                

TEST PASSED: interactuar con elementos en app epayco
----------------------------------------------------------------------------
]]></system-err>
</testsuite>
